This is pdfTeX, Version 3.14159-1.10b (Web2C 7.4.5) (format=pdflatex 2010.5.12)  18 MAY 2010 17:41
**SUSYICHEP.tex
(./SUSYICHEP.tex{/usr/share/texmf/pdftex/config/pdftex.cfg}
LaTeX2e <2001/06/01>
Babel <v3.7h> and hyphenation patterns for american, french, german, ngerman, n
ohyphenation, loaded.
(/usr/share/texmf/tex/latex/base/article.cls
Document Class: article 2001/04/21 v1.4e Standard LaTeX document class
(/usr/share/texmf/tex/latex/base/size12.clo
File: size12.clo 2001/04/21 v1.4e Standard LaTeX file (size option)
)
\c@part=\count79
\c@section=\count80
\c@subsection=\count81
\c@subsubsection=\count82
\c@paragraph=\count83
\c@subparagraph=\count84
\c@figure=\count85
\c@table=\count86
\abovecaptionskip=\skip41
\belowcaptionskip=\skip42
\bibindent=\dimen102
)
(/usr/share/texmf/tex/latex/graphics/epsfig.sty
Package: epsfig 1999/02/16 v1.7a (e)psfig emulation (SPQR)

(/usr/share/texmf/tex/latex/graphics/graphicx.sty
Package: graphicx 1999/02/16 v1.0f Enhanced LaTeX Graphics (DPC,SPQR)

(/usr/share/texmf/tex/latex/graphics/keyval.sty
Package: keyval 1999/03/16 v1.13 key=value parser (DPC)
\KV@toks@=\toks14
)
(/usr/share/texmf/tex/latex/graphics/graphics.sty
Package: graphics 2001/07/07 v1.0n Standard LaTeX Graphics (DPC,SPQR)

(/usr/share/texmf/tex/latex/graphics/trig.sty
Package: trig 1999/03/16 v1.09 sin cos tan (DPC)
)
(/usr/share/texmf/tex/latex/config/graphics.cfg
File: graphics.cfg 2001/08/31 v1.1 graphics configuration of teTeX/TeXLive
)
Package graphics Info: Driver file: pdftex.def on input line 80.

(/usr/share/texmf/tex/latex/graphics/pdftex.def
File: pdftex.def 2002/06/19 v0.03k graphics/color for pdftex
\Gread@gobject=\count87
))
\Gin@req@height=\dimen103
\Gin@req@width=\dimen104
)
\epsfxsize=\dimen105
\epsfysize=\dimen106
)
(/usr/share/texmf/tex/latex/tools/longtable.sty
Package: longtable 2000/10/22 v4.10 Multi-page Table package (DPC)
\LTleft=\skip43
\LTright=\skip44
\LTpre=\skip45
\LTpost=\skip46
\LTchunksize=\count88
\LTcapwidth=\dimen107
\LT@head=\box26
\LT@firsthead=\box27
\LT@foot=\box28
\LT@lastfoot=\box29
\LT@cols=\count89
\LT@rows=\count90
\c@LT@tables=\count91
\c@LT@chunks=\count92
\LT@p@ftn=\toks15
)
(/usr/share/texmf/tex/latex/misc/subfigure.sty
Package: subfigure 2002/07/30 v2.1.4 subfigure package
\subfigtopskip=\skip47
\subfigcapskip=\skip48
\subfigcaptopadj=\dimen108
\subfigbottomskip=\skip49
\subfigcapmargin=\dimen109
\subfiglabelskip=\skip50
\c@subfigure=\count93
\c@lofdepth=\count94
\c@subtable=\count95
\c@lotdepth=\count96
\subfig@top=\skip51
\subfig@bottom=\skip52
)
(/usr/share/texmf/tex/latex/amsfonts/amssymb.sty
Package: amssymb 2002/01/22 v2.2d

(/usr/share/texmf/tex/latex/amsfonts/amsfonts.sty
Package: amsfonts 2001/10/25 v2.2f
\@emptytoks=\toks16
\symAMSa=\mathgroup4
\symAMSb=\mathgroup5
LaTeX Font Info:    Overwriting math alphabet `\mathfrak' in version `bold'
(Font)                  U/euf/m/n --> U/euf/b/n on input line 132.
))
(/usr/share/texmf/tex/latex/amsmath/amsmath.sty
Package: amsmath 2000/07/18 v2.13 AMS math features
\@mathmargin=\skip53

For additional information on amsmath, use the `?' option.
(/usr/share/texmf/tex/latex/amsmath/amstext.sty
Package: amstext 2000/06/29 v2.01

(/usr/share/texmf/tex/latex/amsmath/amsgen.sty
File: amsgen.sty 1999/11/30 v2.0
\@emptytoks=\toks17
\ex@=\dimen110
))
(/usr/share/texmf/tex/latex/amsmath/amsbsy.sty
Package: amsbsy 1999/11/29 v1.2d
\pmbraise@=\dimen111
)
(/usr/share/texmf/tex/latex/amsmath/amsopn.sty
Package: amsopn 1999/12/14 v2.01 operator names
)
\inf@bad=\count97
LaTeX Info: Redefining \frac on input line 211.
\uproot@=\count98
\leftroot@=\count99
LaTeX Info: Redefining \overline on input line 307.
\classnum@=\count100
\DOTSCASE@=\count101
LaTeX Info: Redefining \ldots on input line 379.
LaTeX Info: Redefining \dots on input line 382.
LaTeX Info: Redefining \cdots on input line 467.
\Mathstrutbox@=\box30
\strutbox@=\box31
\big@size=\dimen112
LaTeX Font Info:    Redeclaring font encoding OML on input line 567.
LaTeX Font Info:    Redeclaring font encoding OMS on input line 568.
\macc@depth=\count102
\c@MaxMatrixCols=\count103
\dotsspace@=\muskip10
\c@parentequation=\count104
\dspbrk@lvl=\count105
\tag@help=\toks18
\row@=\count106
\column@=\count107
\maxfields@=\count108
\andhelp@=\toks19
\eqnshift@=\dimen113
\alignsep@=\dimen114
\tagshift@=\dimen115
\tagwidth@=\dimen116
\totwidth@=\dimen117
\lineht@=\dimen118
\@envbody=\toks20
\multlinegap=\skip54
\multlinetaggap=\skip55
\mathdisplay@stack=\toks21
LaTeX Info: Redefining \[ on input line 2666.
LaTeX Info: Redefining \] on input line 2667.
)
(/usr/share/texmf/tex/latex/psnfss/times.sty
Package: times 2002/09/08 PSNFSS-v9.0a (SPQR) 
) (./SUSYICHEP.aux)
\openout1 = `SUSYICHEP.aux'.

LaTeX Font Info:    Checking defaults for OML/cmm/m/it on input line 26.
LaTeX Font Info:    ... okay on input line 26.
LaTeX Font Info:    Checking defaults for T1/cmr/m/n on input line 26.
LaTeX Font Info:    ... okay on input line 26.
LaTeX Font Info:    Checking defaults for OT1/cmr/m/n on input line 26.
LaTeX Font Info:    ... okay on input line 26.
LaTeX Font Info:    Checking defaults for OMS/cmsy/m/n on input line 26.
LaTeX Font Info:    ... okay on input line 26.
LaTeX Font Info:    Checking defaults for OMX/cmex/m/n on input line 26.
LaTeX Font Info:    ... okay on input line 26.
LaTeX Font Info:    Checking defaults for U/cmr/m/n on input line 26.
LaTeX Font Info:    ... okay on input line 26.
LaTeX Font Info:    Try loading font information for OT1+ptm on input line 26.

(/usr/share/texmf/tex/latex/psnfss/ot1ptm.fd
File: ot1ptm.fd 2001/06/04 font definitions for OT1/ptm.
)
(/usr/share/texmf/tex/context/base/supp-pdf.tex
(/usr/share/texmf/tex/context/base/supp-mis.tex
loading : Context Support Macros / Missing
\protectiondepth=\count109
\scratchcounter=\count110
\scratchtoks=\toks22
\scratchdimen=\dimen119
\scratchskip=\skip56
\scratchmuskip=\muskip11
\scratchbox=\box32
\scratchread=\read1
\scratchwrite=\write3
\zeropoint=\dimen120
\minusone=\count111
\thousandpoint=\dimen121
\emptytoks=\toks23
\nextbox=\box33
\nextdepth=\dimen122
\everyline=\toks24
\!!counta=\count112
\!!countb=\count113
\recursecounter=\count114
)
loading : Context Support Macros / PDF
\nofMPsegments=\count115
\nofMParguments=\count116
\everyMPtoPDFconversion=\toks25
)
LaTeX Font Info:    Font shape `OT1/ptm/bx/n' in size <14.4> not available
(Font)              Font shape `OT1/ptm/b/n' tried instead on input line 31.
LaTeX Font Info:    Try loading font information for U+msa on input line 31.
 (/usr/share/texmf/tex/latex/amsfonts/umsa.fd
File: umsa.fd 2002/01/19 v2.2g AMS font definitions
)
LaTeX Font Info:    Try loading font information for U+msb on input line 31.

(/usr/share/texmf/tex/latex/amsfonts/umsb.fd
File: umsb.fd 2002/01/19 v2.2g AMS font definitions
)
LaTeX Font Info:    Try loading font information for OMS+ptm on input line 44.

(/usr/share/texmf/tex/latex/psnfss/omsptm.fd
File: omsptm.fd 
)
LaTeX Font Info:    Font shape `OMS/ptm/m/n' in size <12> not available
(Font)              Font shape `OMS/cmsy/m/n' tried instead on input line 44.
LaTeX Font Info:    Font shape `OT1/ptm/bx/n' in size <12> not available
(Font)              Font shape `OT1/ptm/b/n' tried instead on input line 46.


LaTeX Warning: `!h' float specifier changed to `!ht'.

[1

{/usr/share/texmf/dvips/config/pdftex.map}]
<leptonicalphaT/alphat_1.png, id=33, 598.235pt x 574.145pt>
File: leptonicalphaT/alphat_1.png Graphic file (type png)

<use leptonicalphaT/alphat_1.png>
<leptonicalphaT/alphat_2.png, id=34, 598.235pt x 574.145pt>
File: leptonicalphaT/alphat_2.png Graphic file (type png)

<use leptonicalphaT/alphat_2.png>
<leptonicalphaT/alphat_3.png, id=35, 598.235pt x 574.145pt>
File: leptonicalphaT/alphat_3.png Graphic file (type png)

<use leptonicalphaT/alphat_3.png>
<leptonicalphaT/alphat_4.png, id=36, 598.235pt x 574.145pt>
File: leptonicalphaT/alphat_4.png Graphic file (type png)

<use leptonicalphaT/alphat_4.png>
<leptonicalphaT/alphat_5.png, id=37, 598.235pt x 574.145pt>
File: leptonicalphaT/alphat_5.png Graphic file (type png)

<use leptonicalphaT/alphat_5.png>
<leptonicalphaT/alphat_6.png, id=38, 598.235pt x 574.145pt>
File: leptonicalphaT/alphat_6.png Graphic file (type png)

<use leptonicalphaT/alphat_6.png>
Underfull \hbox (badness 10000) in paragraph at lines 136--146
[][] |  [] |  []
 []


LaTeX Warning: `!h' float specifier changed to `!ht'.

[2] <leptonicalphaT/AlphaTRatio.png, id=47, 698.61pt x 574.145pt>
File: leptonicalphaT/AlphaTRatio.png Graphic file (type png)

<use leptonicalphaT/AlphaTRatio.png>

LaTeX Warning: `!h' float specifier changed to `!ht'.

[3 <./leptonicalphaT/alphat_1.png> <./leptonicalphaT/alphat_2.png> <./leptonica
lphaT/alphat_3.png> <./leptonicalphaT/alphat_4.png> <./leptonicalphaT/alphat_5.
png> <./leptonicalphaT/alphat_6.png>] [4 <./leptonicalphaT/AlphaTRatio.png>]
(./SUSYICHEP.aux) ) 
Here is how much of TeX's memory you used:
 2174 strings out of 95437
 25842 string characters out of 1190233
 77400 words of memory out of 1000001
 5147 multiletter control sequences out of 10000+50000
 23321 words of font info for 61 fonts, out of 500000 for 1000
 14 hyphenation exceptions out of 1000
 32i,11n,24p,617b,386s stack positions out of 1500i,500n,5000p,200000b,5000s
 53 PDF objects out of 300000
 0 named destinations out of 131072
 35 words of extra memory for PDF output out of 65536
{/usr/share/texmf/dvips/tetex/aae443f0.enc}</usr/share/texmf
/fonts/type1/bluesky/cm/cmmi6.pfb>{/usr/share/texmf/dvips/psnfss/8r.enc}{/usr/s
hare/texmf/dvips/tetex/bbad153f.enc}</usr/share/texmf/fonts/type1/bluesky/cm/cm
sy8.pfb></usr/share/texmf/fonts/type1/bluesky/cm/cmex10.pfb>{/usr/share/texmf/d
vips/tetex/f7b6d320.enc}</usr/share/texmf/fonts/type1/bluesky/cm/cmr8.pfb></usr
/share/texmf/fonts/type1/bluesky/cm/cmsy10.pfb></usr/share/texmf/fonts/type1/bl
uesky/cm/cmr12.pfb></usr/share/texmf/fonts/type1/bluesky/cm/cmmi8.pfb></usr/sha
re/texmf/fonts/type1/bluesky/cm/cmmi10.pfb></usr/share/texmf/fonts/type1/bluesk
y/cm/cmmi12.pfb>
Output written on SUSYICHEP.pdf (4 pages, 110018 bytes).
