This is pdfTeX, Version 3.1415926-1.40.11 (TeX Live 2010) (format=pdflatex 2011.6.20)  9 DEC 2011 12:31
entering extended mode
 \write18 enabled.
 file:line:error style messages enabled.
 %&-line parsing enabled.
**thesis.tex
(./thesis.tex
LaTeX2e <2009/09/24>
Babel <v3.8l> and hyphenation patterns for english, dumylang, nohyphenation, ge
rman-x-2009-06-19, ngerman-x-2009-06-19, ancientgreek, ibycus, arabic, armenian
, basque, bulgarian, catalan, pinyin, coptic, croatian, czech, danish, dutch, u
kenglish, usenglishmax, esperanto, estonian, farsi, finnish, french, galician, 
german, ngerman, swissgerman, monogreek, greek, hungarian, icelandic, assamese,
 bengali, gujarati, hindi, kannada, malayalam, marathi, oriya, panjabi, tamil, 
telugu, indonesian, interlingua, irish, italian, kurmanji, lao, latin, latvian,
 lithuanian, mongolian, mongolianlmc, bokmal, nynorsk, polish, portuguese, roma
nian, russian, sanskrit, serbian, slovak, slovenian, spanish, swedish, turkish,
 turkmen, ukrainian, uppersorbian, welsh, loaded.
(/usr/local/texlive/2010/texmf-dist/tex/latex/base/report.cls
Document Class: report 2007/10/19 v1.4h Standard LaTeX document class
(/usr/local/texlive/2010/texmf-dist/tex/latex/base/size12.clo
File: size12.clo 2007/10/19 v1.4h Standard LaTeX file (size option)
)
\c@part=\count79
\c@chapter=\count80
\c@section=\count81
\c@subsection=\count82
\c@subsubsection=\count83
\c@paragraph=\count84
\c@subparagraph=\count85
\c@figure=\count86
\c@table=\count87
\abovecaptionskip=\skip41
\belowcaptionskip=\skip42
\bibindent=\dimen102
)
(/usr/local/texlive/2010/texmf-dist/tex/latex/subfigure/subfigure.sty
Package: subfigure 2002/03/15 v2.1.5 subfigure package
\subfigtopskip=\skip43
\subfigcapskip=\skip44
\subfigcaptopadj=\dimen103
\subfigbottomskip=\skip45
\subfigcapmargin=\dimen104
\subfiglabelskip=\skip46
\c@subfigure=\count88
\c@lofdepth=\count89
\c@subtable=\count90
\c@lotdepth=\count91

****************************************
* Local config file subfigure.cfg used *
****************************************
(/usr/local/texlive/2010/texmf-dist/tex/latex/subfigure/subfigure.cfg)
\subfig@top=\skip47
\subfig@bottom=\skip48
)
(/usr/local/texlive/2010/texmf-dist/tex/latex/graphics/epsfig.sty
Package: epsfig 1999/02/16 v1.7a (e)psfig emulation (SPQR)

(/usr/local/texlive/2010/texmf-dist/tex/latex/graphics/graphicx.sty
Package: graphicx 1999/02/16 v1.0f Enhanced LaTeX Graphics (DPC,SPQR)

(/usr/local/texlive/2010/texmf-dist/tex/latex/graphics/keyval.sty
Package: keyval 1999/03/16 v1.13 key=value parser (DPC)
\KV@toks@=\toks14
)
(/usr/local/texlive/2010/texmf-dist/tex/latex/graphics/graphics.sty
Package: graphics 2009/02/05 v1.0o Standard LaTeX Graphics (DPC,SPQR)

(/usr/local/texlive/2010/texmf-dist/tex/latex/graphics/trig.sty
Package: trig 1999/03/16 v1.09 sin cos tan (DPC)
)
(/usr/local/texlive/2010/texmf-dist/tex/latex/latexconfig/graphics.cfg
File: graphics.cfg 2010/04/23 v1.9 graphics configuration of TeX Live
)
Package graphics Info: Driver file: pdftex.def on input line 91.

(/usr/local/texlive/2010/texmf-dist/tex/latex/pdftex-def/pdftex.def
File: pdftex.def 2010/02/14 v0.04n Graphics/color for pdfTeX
\Gread@gobject=\count92
))
\Gin@req@height=\dimen105
\Gin@req@width=\dimen106
)
\epsfxsize=\dimen107
\epsfysize=\dimen108
)
(/usr/local/texlive/2010/texmf-dist/tex/latex/amsmath/amstext.sty
Package: amstext 2000/06/29 v2.01

(/usr/local/texlive/2010/texmf-dist/tex/latex/amsmath/amsgen.sty
File: amsgen.sty 1999/11/30 v2.0
\@emptytoks=\toks15
\ex@=\dimen109
))
(./floatfig.sty
*** FloatingFigure_Style Vers. 0.4, 08-MAY-1991, Kneser, GWDG ***
\figbox=\box26
\pagebox=\box27
\ffigcount=\count93
\fftest=\count94
\hangcount=\count95
\nosuccesstryfig=\count96
\figgutter=\dimen110
\htdone=\dimen111
\pageht=\dimen112
\startpageht=\dimen113
\outputpretest=\toks16
)
(/usr/local/texlive/2010/texmf-dist/tex/latex/base/alltt.sty
Package: alltt 1997/06/16 v2.0g defines alltt environment
) (./fancyhdr.sty
\headwidth=\dimen114
)
(/usr/local/texlive/2010/texmf-dist/tex/latex/setspace/setspace.sty
Package: setspace 2000/12/01 6.7 Contributed and Supported LaTeX2e package

Package: `setspace' 6.7 <2000/12/01>
) (/usr/local/texlive/2010/texmf-dist/tex/latex/tools/xspace.sty
Package: xspace 2006/05/08 v1.12 Space after command names (DPC,MH)
)
\@input{macros.aux}
\openout2 = `macros.aux'.

No file macros.tex.
** Make sure \initfloatingfigs being called immediately
   after \begin{document} !! ** (./thesis.aux (./title.aux) (./symbols.aux)
(./RA1.aux

LaTeX Warning: Label `fig:muon_beforeat_mupt' multiply defined.


LaTeX Warning: Label `sub@fig:muon_beforeat_mupt' multiply defined.


LaTeX Warning: Label `fig:muon_beforeat_njet' multiply defined.


LaTeX Warning: Label `sub@fig:muon_beforeat_njet' multiply defined.


LaTeX Warning: Label `fig:kin' multiply defined.

))
\openout1 = `thesis.aux'.

LaTeX Font Info:    Checking defaults for OML/cmm/m/it on input line 41.
LaTeX Font Info:    ... okay on input line 41.
LaTeX Font Info:    Checking defaults for T1/cmr/m/n on input line 41.
LaTeX Font Info:    ... okay on input line 41.
LaTeX Font Info:    Checking defaults for OT1/cmr/m/n on input line 41.
LaTeX Font Info:    ... okay on input line 41.
LaTeX Font Info:    Checking defaults for OMS/cmsy/m/n on input line 41.
LaTeX Font Info:    ... okay on input line 41.
LaTeX Font Info:    Checking defaults for OMX/cmex/m/n on input line 41.
LaTeX Font Info:    ... okay on input line 41.
LaTeX Font Info:    Checking defaults for U/cmr/m/n on input line 41.
LaTeX Font Info:    ... okay on input line 41.
 (/usr/local/texlive/2010/texmf-dist/tex/context/base/supp-pdf.mkii
[Loading MPS to PDF converter (version 2006.09.02).]
\scratchcounter=\count97
\scratchdimen=\dimen115
\scratchbox=\box28
\nofMPsegments=\count98
\nofMParguments=\count99
\everyMPshowfont=\toks17
\MPscratchCnt=\count100
\MPscratchDim=\dimen116
\MPnumerator=\count101
\everyMPtoPDFconversion=\toks18
) (/usr/local/texlive/2010/texmf-dist/tex/generic/oberdiek/pdftexcmds.sty
Package: pdftexcmds 2010/04/01 v0.9 Utility functions of pdfTeX for LuaTeX (HO)


(/usr/local/texlive/2010/texmf-dist/tex/generic/oberdiek/infwarerr.sty
Package: infwarerr 2010/04/08 v1.3 Providing info/warning/message (HO)
)
(/usr/local/texlive/2010/texmf-dist/tex/generic/oberdiek/ifluatex.sty
Package: ifluatex 2010/03/01 v1.3 Provides the ifluatex switch (HO)
Package ifluatex Info: LuaTeX not detected.
)
(/usr/local/texlive/2010/texmf-dist/tex/generic/oberdiek/ltxcmds.sty
Package: ltxcmds 2010/04/26 v1.7 LaTeX kernel commands for general use (HO)
)
Package pdftexcmds Info: LuaTeX not detected.
Package pdftexcmds Info: \pdf@primitive is available.
Package pdftexcmds Info: \pdf@ifprimitive is available.
)
(/usr/local/texlive/2010/texmf-dist/tex/latex/oberdiek/epstopdf-base.sty
Package: epstopdf-base 2010/02/09 v2.5 Base part for package epstopdf

(/usr/local/texlive/2010/texmf-dist/tex/latex/oberdiek/grfext.sty
Package: grfext 2007/09/30 v1.0 Managing graphics extensions (HO)
)
(/usr/local/texlive/2010/texmf-dist/tex/latex/oberdiek/kvoptions.sty
Package: kvoptions 2010/02/22 v3.7 Keyval support for LaTeX options (HO)

(/usr/local/texlive/2010/texmf-dist/tex/generic/oberdiek/kvsetkeys.sty
Package: kvsetkeys 2010/03/01 v1.9 Key value parser (HO)

(/usr/local/texlive/2010/texmf-dist/tex/generic/oberdiek/etexcmds.sty
Package: etexcmds 2010/01/28 v1.3 Prefix for e-TeX command names (HO)
Package etexcmds Info: Could not find \expanded.
(etexcmds)             That can mean that you are not using pdfTeX 1.50 or
(etexcmds)             that some package has redefined \expanded.
(etexcmds)             In the latter case, load this package earlier.
)))
Package grfext Info: Graphics extension search list:
(grfext)             [.png,.pdf,.jpg,.mps,.jpeg,.jbig2,.jb2,.PNG,.PDF,.JPG,.JPE
G,.JBIG2,.JB2,.eps]
(grfext)             \AppendGraphicsExtensions on input line 436.

(/usr/local/texlive/2010/texmf-dist/tex/latex/latexconfig/epstopdf-sys.cfg
File: epstopdf-sys.cfg 2010/07/13 v1.3 Configuration of (r)epstopdf for TeX Liv
e
))
\openout2 = `title.aux'.


(./title.tex
LaTeX Font Info:    External font `cmex10' loaded for size
(Font)              <20.74> on input line 7.
LaTeX Font Info:    External font `cmex10' loaded for size
(Font)              <14.4> on input line 7.
LaTeX Font Info:    External font `cmex10' loaded for size
(Font)              <12> on input line 7.
) [1




{/usr/local/texlive/2010/texmf-var/fonts/map/pdftex/updmap/pdftex.map}]
\openout2 = `symbols.aux'.

 (./symbols.tex)
\openout2 = `RA1.aux'.

 (./RA1.tex
Chapter 1.
LaTeX Font Info:    External font `cmex10' loaded for size
(Font)              <24.88> on input line 1.
LaTeX Font Info:    External font `cmex10' loaded for size
(Font)              <17.28> on input line 1.
LaTeX Font Info:    External font `cmex10' loaded for size
(Font)              <8> on input line 13.
LaTeX Font Info:    External font `cmex10' loaded for size
(Font)              <6> on input line 13.
[1





]
LaTeX Font Info:    Try loading font information for OMS+cmr on input line 26.
 (/usr/local/texlive/2010/texmf-dist/tex/latex/base/omscmr.fd
File: omscmr.fd 1999/05/25 v2.5h Standard LaTeX font definitions
)
LaTeX Font Info:    Font shape `OMS/cmr/m/n' in size <12> not available
(Font)              Font shape `OMS/cmsy/m/n' tried instead on input line 26.
 [2]
<Figures/Analysis/PAS/HT_all.pdf, id=21, 569.12625pt x 558.085pt>
File: Figures/Analysis/PAS/HT_all.pdf Graphic file (type pdf)

<use Figures/Analysis/PAS/HT_all.pdf>
LaTeX Font Info:    External font `cmex10' loaded for size
(Font)              <7> on input line 52.
LaTeX Font Info:    External font `cmex10' loaded for size
(Font)              <5> on input line 52.

<Figures/Analysis/PAS/JetMultiplicity_all.pdf, id=22, 569.12625pt x 558.085pt>
File: Figures/Analysis/PAS/JetMultiplicity_all.pdf Graphic file (type pdf)

<use Figures/Analysis/PAS/JetMultiplicity_all.pdf>
<Figures/Analysis/PAS/AlphaT_all.pdf, id=23, 569.12625pt x 558.085pt>
File: Figures/Analysis/PAS/AlphaT_all.pdf Graphic file (type pdf)

<use Figures/Analysis/PAS/AlphaT_all.pdf>
<Figures/Analysis/PAS/AlphaT_Zoomed_all.pdf, id=24, 569.12625pt x 558.085pt>
File: Figures/Analysis/PAS/AlphaT_Zoomed_all.pdf Graphic file (type pdf)

<use Figures/Analysis/PAS/AlphaT_Zoomed_all.pdf>
Underfull \hbox (badness 4954) in paragraph at lines 64--64
\OT1/cmr/m/n/10 high-light-ing the agree-ment on the
 []


LaTeX Warning: `h' float specifier changed to `ht'.


<Figures/Analysis/PAS/BiasedDeltaPhi_after_alphaT_55_all.pdf, id=25, 569.12625p
t x 558.085pt>
File: Figures/Analysis/PAS/BiasedDeltaPhi_after_alphaT_55_all.pdf Graphic file 
(type pdf)

<use Figures/Analysis/PAS/BiasedDeltaPhi_after_alphaT_55_all.pdf>
<Figures/Analysis/PAS/EffectiveMass_after_alphaT_55_all.pdf, id=26, 569.12625pt
 x 558.085pt>
File: Figures/Analysis/PAS/EffectiveMass_after_alphaT_55_all.pdf Graphic file (
type pdf)
 <use Figures/Analysis/PAS/EffectiveMass_after_alphaT_55_all.pdf>
<Figures/Analysis/PAS/JetMultiplicityAfterAlphaT_all.pdf, id=27, 569.12625pt x 
558.085pt>
File: Figures/Analysis/PAS/JetMultiplicityAfterAlphaT_all.pdf Graphic file (typ
e pdf)
 <use Figures/Analysis/PAS/JetMultiplicityAfterAlphaT_all.pdf>

LaTeX Warning: `h' float specifier changed to `ht'.


<Figures/Analysis/PAS/Ratio_Multi2Incl_AlphaT55.pdf, id=28, 569.12625pt x 408.5
2625pt>
File: Figures/Analysis/PAS/Ratio_Multi2Incl_AlphaT55.pdf Graphic file (type pdf
)
 <use Figures/Analysis/PAS/Ratio_Multi2Incl_AlphaT55.pdf>
<Figures/Analysis/PAS/Syst_Multi2Incl_AlphaT55.pdf, id=29, 569.12625pt x 408.52
625pt>
File: Figures/Analysis/PAS/Syst_Multi2Incl_AlphaT55.pdf Graphic file (type pdf)

 <use Figures/Analysis/PAS/Syst_Multi2Incl_AlphaT55.pdf>

LaTeX Warning: `h' float specifier changed to `ht'.


<Figures/Analysis/PAS/muon_plots/spring11NoLogYMuPtMuonControl_beforeaT.pdf, id
=30, 569.12625pt x 467.7475pt>
File: Figures/Analysis/PAS/muon_plots/spring11NoLogYMuPtMuonControl_beforeaT.pd
f Graphic file (type pdf)

<use Figures/Analysis/PAS/muon_plots/spring11NoLogYMuPtMuonControl_beforeaT.pdf
>
<Figures/Analysis/PAS/muon_plots/spring11NoLogYnJetMuonControl_beforeaT.pdf, id
=31, 569.12625pt x 467.7475pt>
File: Figures/Analysis/PAS/muon_plots/spring11NoLogYnJetMuonControl_beforeaT.pd
f Graphic file (type pdf)

<use Figures/Analysis/PAS/muon_plots/spring11NoLogYnJetMuonControl_beforeaT.pdf
>
<Figures/Analysis/PAS/muon_plots/spring11NoLogYaT_HMuonControl_beforeaT.pdf, id
=32, 569.12625pt x 467.7475pt>
File: Figures/Analysis/PAS/muon_plots/spring11NoLogYaT_HMuonControl_beforeaT.pd
f Graphic file (type pdf)

<use Figures/Analysis/PAS/muon_plots/spring11NoLogYaT_HMuonControl_beforeaT.pdf
>
<Figures/Analysis/PAS/muon_plots/spring11NoLogYHTMuonControl_beforeaT.pdf, id=3
3, 569.12625pt x 467.7475pt>
File: Figures/Analysis/PAS/muon_plots/spring11NoLogYHTMuonControl_beforeaT.pdf 
Graphic file (type pdf)

<use Figures/Analysis/PAS/muon_plots/spring11NoLogYHTMuonControl_beforeaT.pdf>
<Figures/Analysis/PAS/muon_plots/spring11NoLogYMuCsoMuonControl_beforeaT.pdf, i
d=34, 569.12625pt x 467.7475pt>
File: Figures/Analysis/PAS/muon_plots/spring11NoLogYMuCsoMuonControl_beforeaT.p
df Graphic file (type pdf)

<use Figures/Analysis/PAS/muon_plots/spring11NoLogYMuCsoMuonControl_beforeaT.pd
f>
<Figures/Analysis/PAS/muon_plots/spring11NoLogYMTMuonControl_beforeaT.pdf, id=3
5, 569.12625pt x 467.7475pt>
File: Figures/Analysis/PAS/muon_plots/spring11NoLogYMTMuonControl_beforeaT.pdf 
Graphic file (type pdf)

<use Figures/Analysis/PAS/muon_plots/spring11NoLogYMTMuonControl_beforeaT.pdf>

LaTeX Warning: `h' float specifier changed to `ht'.


<Figures/Analysis/PAS/muon_plots/spring11NoLogYMuPtMuonControl_afteraT.pdf, id=
36, 569.12625pt x 467.7475pt>
File: Figures/Analysis/PAS/muon_plots/spring11NoLogYMuPtMuonControl_afteraT.pdf
 Graphic file (type pdf)

<use Figures/Analysis/PAS/muon_plots/spring11NoLogYMuPtMuonControl_afteraT.pdf>
File: Figures/Analysis/PAS/muon_plots/spring11NoLogYnJetMuonControl_beforeaT.pd
f Graphic file (type pdf)

<use Figures/Analysis/PAS/muon_plots/spring11NoLogYnJetMuonControl_beforeaT.pdf
>
<Figures/Analysis/PAS/muon_plots/spring11NoLogYaT_HMuonControl_afteraT.pdf, id=
37, 569.12625pt x 467.7475pt>
File: Figures/Analysis/PAS/muon_plots/spring11NoLogYaT_HMuonControl_afteraT.pdf
 Graphic file (type pdf)

<use Figures/Analysis/PAS/muon_plots/spring11NoLogYaT_HMuonControl_afteraT.pdf>

<Figures/Analysis/PAS/muon_plots/spring11NoLogYHTMuonControl_afteraT.pdf, id=38
, 569.12625pt x 467.7475pt>
File: Figures/Analysis/PAS/muon_plots/spring11NoLogYHTMuonControl_afteraT.pdf G
raphic file (type pdf)

<use Figures/Analysis/PAS/muon_plots/spring11NoLogYHTMuonControl_afteraT.pdf>
<Figures/Analysis/PAS/muon_plots/spring11NoLogYMuCsoMuonControl_afteraT.pdf, id
=39, 569.12625pt x 467.7475pt>
File: Figures/Analysis/PAS/muon_plots/spring11NoLogYMuCsoMuonControl_afteraT.pd
f Graphic file (type pdf)

<use Figures/Analysis/PAS/muon_plots/spring11NoLogYMuCsoMuonControl_afteraT.pdf
>
<Figures/Analysis/PAS/muon_plots/spring11NoLogYMTMuonControl_afteraT.pdf, id=40
, 569.12625pt x 467.7475pt>
File: Figures/Analysis/PAS/muon_plots/spring11NoLogYMTMuonControl_afteraT.pdf G
raphic file (type pdf)

<use Figures/Analysis/PAS/muon_plots/spring11NoLogYMTMuonControl_afteraT.pdf>

LaTeX Warning: `h' float specifier changed to `ht'.

<Figures/Analysis/Types/2011_275_TT_Pie.png, id=41, 698.61pt x 674.52pt>
File: Figures/Analysis/Types/2011_275_TT_Pie.png Graphic file (type png)

<use Figures/Analysis/Types/2011_275_TT_Pie.png>
<Figures/Analysis/Types/2011_275_W_Pie.png, id=42, 698.61pt x 674.52pt>
File: Figures/Analysis/Types/2011_275_W_Pie.png Graphic file (type png)

<use Figures/Analysis/Types/2011_275_W_Pie.png>
<Figures/Analysis/Types/2011_325_TT_Pie.png, id=43, 698.61pt x 674.52pt>
File: Figures/Analysis/Types/2011_325_TT_Pie.png Graphic file (type png)

<use Figures/Analysis/Types/2011_325_TT_Pie.png>
<Figures/Analysis/Types/2011_325_W_Pie.png, id=44, 698.61pt x 674.52pt>
File: Figures/Analysis/Types/2011_325_W_Pie.png Graphic file (type png)

<use Figures/Analysis/Types/2011_325_W_Pie.png>
<Figures/Analysis/Types/2011_unsca375_TT_Pie.png, id=45, 698.61pt x 674.52pt>
File: Figures/Analysis/Types/2011_unsca375_TT_Pie.png Graphic file (type png)

<use Figures/Analysis/Types/2011_unsca375_TT_Pie.png>
<Figures/Analysis/Types/2011_unsca375_W_Pie.png, id=46, 698.61pt x 674.52pt>
File: Figures/Analysis/Types/2011_unsca375_W_Pie.png Graphic file (type png)

<use Figures/Analysis/Types/2011_unsca375_W_Pie.png>

LaTeX Warning: Float too large for page by 26.22495pt on input line 168.


LaTeX Warning: `h' float specifier changed to `ht'.


<Figures/Analysis/PAS/photon_plots/375___xcak5JetAlphaTFewBinsPat.pdf, id=47, 5
69.12625pt x 541.02126pt>
File: Figures/Analysis/PAS/photon_plots/375___xcak5JetAlphaTFewBinsPat.pdf Grap
hic file (type pdf)

<use Figures/Analysis/PAS/photon_plots/375___xcak5JetAlphaTFewBinsPat.pdf>
<Figures/Analysis/PAS/photon_plots/375___xcak5JetIndicesPat.pdf, id=48, 569.126
25pt x 541.02126pt>
File: Figures/Analysis/PAS/photon_plots/375___xcak5JetIndicesPat.pdf Graphic fi
le (type pdf)

<use Figures/Analysis/PAS/photon_plots/375___xcak5JetIndicesPat.pdf>

LaTeX Warning: `h' float specifier changed to `ht'.


<Figures/Analysis/PAS/stats_plots/RQcdZero/hadronic_signal_fit_logy.pdf, id=49,
 569.12625pt x 385.44pt>
File: Figures/Analysis/PAS/stats_plots/RQcdZero/hadronic_signal_fit_logy.pdf Gr
aphic file (type pdf)

<use Figures/Analysis/PAS/stats_plots/RQcdZero/hadronic_signal_fit_logy.pdf>
<Figures/Analysis/PAS/stats_plots/RQcdFallingExp/hadronic_signal_fit_logy.pdf, 
id=50, 569.12625pt x 385.44pt>
File: Figures/Analysis/PAS/stats_plots/RQcdFallingExp/hadronic_signal_fit_logy.
pdf Graphic file (type pdf)

<use Figures/Analysis/PAS/stats_plots/RQcdFallingExp/hadronic_signal_fit_logy.p
df>

LaTeX Warning: `h' float specifier changed to `ht'.


<Figures/Analysis/PAS/stats_plots/RQcdZero/muon_control_fit_logy.pdf, id=51, 56
9.12625pt x 385.44pt>
File: Figures/Analysis/PAS/stats_plots/RQcdZero/muon_control_fit_logy.pdf Graph
ic file (type pdf)

<use Figures/Analysis/PAS/stats_plots/RQcdZero/muon_control_fit_logy.pdf>
<Figures/Analysis/PAS/stats_plots/RQcdFallingExp/muon_control_fit_logy.pdf, id=
52, 569.12625pt x 385.44pt>
File: Figures/Analysis/PAS/stats_plots/RQcdFallingExp/muon_control_fit_logy.pdf
 Graphic file (type pdf)

<use Figures/Analysis/PAS/stats_plots/RQcdFallingExp/muon_control_fit_logy.pdf>

LaTeX Warning: `h' float specifier changed to `ht'.


<Figures/Analysis/PAS/stats_plots/RQcdZero/photon_control_fit_logy.pdf, id=53, 
569.12625pt x 385.44pt>
File: Figures/Analysis/PAS/stats_plots/RQcdZero/photon_control_fit_logy.pdf Gra
phic file (type pdf)

<use Figures/Analysis/PAS/stats_plots/RQcdZero/photon_control_fit_logy.pdf>
<Figures/Analysis/PAS/stats_plots/RQcdFallingExp/photon_control_fit_logy.pdf, i
d=54, 569.12625pt x 385.44pt>
File: Figures/Analysis/PAS/stats_plots/RQcdFallingExp/photon_control_fit_logy.p
df Graphic file (type pdf)

<use Figures/Analysis/PAS/stats_plots/RQcdFallingExp/photon_control_fit_logy.pd
f>

LaTeX Warning: `h' float specifier changed to `ht'.


<Figures/Analysis/PAS/stats_plots/RQcdZero/hadronic_signal_alphaT_ratio.pdf, id
=55, 569.12625pt x 385.44pt>
File: Figures/Analysis/PAS/stats_plots/RQcdZero/hadronic_signal_alphaT_ratio.pd
f Graphic file (type pdf)

<use Figures/Analysis/PAS/stats_plots/RQcdZero/hadronic_signal_alphaT_ratio.pdf
>
<Figures/Analysis/PAS/stats_plots/RQcdFallingExp/hadronic_signal_alphaT_ratio.p
df, id=56, 569.12625pt x 385.44pt>
File: Figures/Analysis/PAS/stats_plots/RQcdFallingExp/hadronic_signal_alphaT_ra
tio.pdf Graphic file (type pdf)

<use Figures/Analysis/PAS/stats_plots/RQcdFallingExp/hadronic_signal_alphaT_rat
io.pdf>

LaTeX Warning: `h' float specifier changed to `ht'.


<Figures/Analysis/PAS/RA1_ExclusionLimit_tanb10_def.pdf, id=57, 569.12625pt x 4
08.52625pt>
File: Figures/Analysis/PAS/RA1_ExclusionLimit_tanb10_def.pdf Graphic file (type
 pdf)
 <use Figures/Analysis/PAS/RA1_ExclusionLimit_tanb10_def.pdf>

LaTeX Warning: `h' float specifier changed to `ht'.

) [3] [4] [5 <./Figures/Analysis/PAS/HT_all.pdf> <./Figures/Analysis/PAS/JetMul
tiplicity_all.pdf> <./Figures/Analysis/PAS/AlphaT_all.pdf, page is rotated 90 d
egrees> <./Figures/Analysis/PAS/AlphaT_Zoomed_all.pdf, page is rotated 90 degre
es>] [6 <./Figures/Analysis/PAS/BiasedDeltaPhi_after_alphaT_55_all.pdf, page is
 rotated 90 degrees> <./Figures/Analysis/PAS/EffectiveMass_after_alphaT_55_all.
pdf, page is rotated 90 degrees> <./Figures/Analysis/PAS/JetMultiplicityAfterAl
phaT_all.pdf, page is rotated 90 degrees>] [7 <./Figures/Analysis/PAS/Ratio_Mul
ti2Incl_AlphaT55.pdf, page is rotated 90 degrees> <./Figures/Analysis/PAS/Syst_
Multi2Incl_AlphaT55.pdf, page is rotated 90 degrees>] [8 <./Figures/Analysis/PA
S/muon_plots/spring11NoLogYMuPtMuonControl_beforeaT.pdf, page is rotated 90 deg
rees> <./Figures/Analysis/PAS/muon_plots/spring11NoLogYnJetMuonControl_beforeaT
.pdf, page is rotated 90 degrees> <./Figures/Analysis/PAS/muon_plots/spring11No
LogYaT_HMuonControl_beforeaT.pdf, page is rotated 90 degrees> <./Figures/Analys
is/PAS/muon_plots/spring11NoLogYHTMuonControl_beforeaT.pdf, page is rotated 90 
degrees> <./Figures/Analysis/PAS/muon_plots/spring11NoLogYMuCsoMuonControl_befo
reaT.pdf, page is rotated 90 degrees> <./Figures/Analysis/PAS/muon_plots/spring
11NoLogYMTMuonControl_beforeaT.pdf, page is rotated 90 degrees>] [9 <./Figures/
Analysis/PAS/muon_plots/spring11NoLogYMuPtMuonControl_afteraT.pdf, page is rota
ted 90 degrees> <./Figures/Analysis/PAS/muon_plots/spring11NoLogYaT_HMuonContro
l_afteraT.pdf, page is rotated 90 degrees> <./Figures/Analysis/PAS/muon_plots/s
pring11NoLogYHTMuonControl_afteraT.pdf, page is rotated 90 degrees> <./Figures/
Analysis/PAS/muon_plots/spring11NoLogYMuCsoMuonControl_afteraT.pdf, page is rot
ated 90 degrees> <./Figures/Analysis/PAS/muon_plots/spring11NoLogYMTMuonControl
_afteraT.pdf, page is rotated 90 degrees>] [10 <./Figures/Analysis/Types/2011_2
75_TT_Pie.png (PNG copy)> <./Figures/Analysis/Types/2011_275_W_Pie.png (PNG cop
y)> <./Figures/Analysis/Types/2011_325_TT_Pie.png (PNG copy)> <./Figures/Analys
is/Types/2011_325_W_Pie.png (PNG copy)> <./Figures/Analysis/Types/2011_unsca375
_TT_Pie.png (PNG copy)> <./Figures/Analysis/Types/2011_unsca375_W_Pie.png (PNG 
copy)>] [11 <./Figures/Analysis/PAS/photon_plots/375___xcak5JetAlphaTFewBinsPat
.pdf> <./Figures/Analysis/PAS/photon_plots/375___xcak5JetIndicesPat.pdf> <./Fig
ures/Analysis/PAS/stats_plots/RQcdZero/hadronic_signal_fit_logy.pdf> <./Figures
/Analysis/PAS/stats_plots/RQcdFallingExp/hadronic_signal_fit_logy.pdf>]
[12 <./Figures/Analysis/PAS/stats_plots/RQcdZero/muon_control_fit_logy.pdf> <./
Figures/Analysis/PAS/stats_plots/RQcdFallingExp/muon_control_fit_logy.pdf> <./F
igures/Analysis/PAS/stats_plots/RQcdZero/photon_control_fit_logy.pdf> <./Figure
s/Analysis/PAS/stats_plots/RQcdFallingExp/photon_control_fit_logy.pdf>]
[13 <./Figures/Analysis/PAS/stats_plots/RQcdZero/hadronic_signal_alphaT_ratio.p
df> <./Figures/Analysis/PAS/stats_plots/RQcdFallingExp/hadronic_signal_alphaT_r
atio.pdf> <./Figures/Analysis/PAS/RA1_ExclusionLimit_tanb10_def.pdf, page is ro
tated 90 degrees>] (./thesis.bbl
Missing character: There is no ü in font cmr10!
Missing character: There is no è in font cmr10!
Missing character: There is no á in font cmr10!
) [14


] (./thesis.aux (./title.aux)
(./symbols.aux) (./RA1.aux))

LaTeX Warning: There were multiply-defined labels.

 ) 
Here is how much of TeX's memory you used:
 2167 strings out of 493747
 38509 string characters out of 3143546
 102644 words of memory out of 3000000
 5374 multiletter control sequences out of 15000+200000
 12912 words of font info for 44 fonts, out of 3000000 for 9000
 714 hyphenation exceptions out of 8191
 37i,10n,40p,1003b,318s stack positions out of 5000i,500n,10000p,200000b,50000s
</usr/local/texlive/2010/texmf-dist/fonts/type1/public/amsfonts/cm/cmbx12.pfb
></usr/local/texlive/2010/texmf-dist/fonts/type1/public/amsfonts/cm/cmmi10.pfb>
</usr/local/texlive/2010/texmf-dist/fonts/type1/public/amsfonts/cm/cmmi12.pfb><
/usr/local/texlive/2010/texmf-dist/fonts/type1/public/amsfonts/cm/cmmi7.pfb></u
sr/local/texlive/2010/texmf-dist/fonts/type1/public/amsfonts/cm/cmmi8.pfb></usr
/local/texlive/2010/texmf-dist/fonts/type1/public/amsfonts/cm/cmr10.pfb></usr/l
ocal/texlive/2010/texmf-dist/fonts/type1/public/amsfonts/cm/cmr12.pfb></usr/loc
al/texlive/2010/texmf-dist/fonts/type1/public/amsfonts/cm/cmr17.pfb></usr/local
/texlive/2010/texmf-dist/fonts/type1/public/amsfonts/cm/cmr6.pfb></usr/local/te
xlive/2010/texmf-dist/fonts/type1/public/amsfonts/cm/cmr7.pfb></usr/local/texli
ve/2010/texmf-dist/fonts/type1/public/amsfonts/cm/cmr8.pfb></usr/local/texlive/
2010/texmf-dist/fonts/type1/public/amsfonts/cm/cmsl10.pfb></usr/local/texlive/2
010/texmf-dist/fonts/type1/public/amsfonts/cm/cmsy10.pfb></usr/local/texlive/20
10/texmf-dist/fonts/type1/public/amsfonts/cm/cmsy7.pfb></usr/local/texlive/2010
/texmf-dist/fonts/type1/public/amsfonts/cm/cmsy8.pfb></usr/local/texlive/2010/t
exmf-dist/fonts/type1/public/amsfonts/cm/cmti10.pfb></usr/local/texlive/2010/te
xmf-dist/fonts/type1/public/amsfonts/cm/cmti12.pfb>
Output written on thesis.pdf (15 pages, 745258 bytes).
PDF statistics:
 1107 PDF objects out of 1200 (max. 8388607)
 534 compressed objects within 6 object streams
 0 named destinations out of 1000 (max. 500000)
 186 words of extra memory for PDF output out of 10000 (max. 10000000)

